19:37:29 **** Incremental Build of configuration Debug for project TestHome ****
make all 
Invoking: AVRDude
C:\WinAVR-20100110\bin\avrdude -pm32 -cusbasp -Uflash:w:TestHome.hex:a
avrdude: error: could not find USB device "USBasp" with vid=0x16c0 pid=0x5dc
make: *** [avrdudedummy] Error 1

19:37:29 Build Finished (took 180ms)

